0 info it worked if it ends with ok
1 verbose cli [ '/home/ubuntu/.nvm/versions/node/v4.7.3/bin/node',
1 verbose cli   '/home/ubuntu/.nvm/versions/node/v4.7.3/bin/npm',
1 verbose cli   'install',
1 verbose cli   'flask-scoketio' ]
2 info using npm@2.15.11
3 info using node@v4.7.3
4 verbose install initial load of /home/ubuntu/workspace/lecture6-thuhe/package.json
5 warn package.json @ No repository field.
6 warn package.json @ No license field.
7 verbose installManyTop reading scoped package data from /home/ubuntu/workspace/lecture6-thuhe/node_modules/ansi-regex/package.json
8 verbose installManyTop reading scoped package data from /home/ubuntu/workspace/lecture6-thuhe/node_modules/ansi-styles/package.json
9 verbose installManyTop reading scoped package data from /home/ubuntu/workspace/lecture6-thuhe/node_modules/asap/package.json
10 verbose installManyTop reading scoped package data from /home/ubuntu/workspace/lecture6-thuhe/node_modules/babel-code-frame/package.json
11 verbose installManyTop reading scoped package data from /home/ubuntu/workspace/lecture6-thuhe/node_modules/babel-core/package.json
12 verbose installManyTop reading scoped package data from /home/ubuntu/workspace/lecture6-thuhe/node_modules/babel-generator/package.json
13 verbose installManyTop reading scoped package data from /home/ubuntu/workspace/lecture6-thuhe/node_modules/babel-helper-builder-react-jsx/package.json
14 verbose installManyTop reading scoped package data from /home/ubuntu/workspace/lecture6-thuhe/node_modules/babel-helper-call-delegate/package.json
15 verbose installManyTop reading scoped package data from /home/ubuntu/workspace/lecture6-thuhe/node_modules/babel-helper-define-map/package.json
16 verbose installManyTop reading scoped package data from /home/ubuntu/workspace/lecture6-thuhe/node_modules/babel-helper-function-name/package.json
17 verbose installManyTop reading scoped package data from /home/ubuntu/workspace/lecture6-thuhe/node_modules/babel-helper-get-function-arity/package.json
18 verbose installManyTop reading scoped package data from /home/ubuntu/workspace/lecture6-thuhe/node_modules/babel-helper-hoist-variables/package.json
19 verbose installManyTop reading scoped package data from /home/ubuntu/workspace/lecture6-thuhe/node_modules/babel-helper-optimise-call-expression/package.json
20 verbose installManyTop reading scoped package data from /home/ubuntu/workspace/lecture6-thuhe/node_modules/babel-helper-regex/package.json
21 verbose installManyTop reading scoped package data from /home/ubuntu/workspace/lecture6-thuhe/node_modules/babel-helper-replace-supers/package.json
22 verbose installManyTop reading scoped package data from /home/ubuntu/workspace/lecture6-thuhe/node_modules/babel-helpers/package.json
23 verbose installManyTop reading scoped package data from /home/ubuntu/workspace/lecture6-thuhe/node_modules/babel-loader/package.json
24 verbose installManyTop reading scoped package data from /home/ubuntu/workspace/lecture6-thuhe/node_modules/babel-messages/package.json
25 verbose installManyTop reading scoped package data from /home/ubuntu/workspace/lecture6-thuhe/node_modules/babel-plugin-check-es2015-constants/package.json
26 verbose installManyTop reading scoped package data from /home/ubuntu/workspace/lecture6-thuhe/node_modules/babel-plugin-syntax-flow/package.json
27 verbose installManyTop reading scoped package data from /home/ubuntu/workspace/lecture6-thuhe/node_modules/babel-plugin-syntax-jsx/package.json
28 verbose installManyTop reading scoped package data from /home/ubuntu/workspace/lecture6-thuhe/node_modules/babel-plugin-transform-es2015-arrow-functions/package.json
29 verbose installManyTop reading scoped package data from /home/ubuntu/workspace/lecture6-thuhe/node_modules/babel-plugin-transform-es2015-block-scoped-functions/package.json
30 verbose installManyTop reading scoped package data from /home/ubuntu/workspace/lecture6-thuhe/node_modules/babel-plugin-transform-es2015-block-scoping/package.json
31 verbose installManyTop reading scoped package data from /home/ubuntu/workspace/lecture6-thuhe/node_modules/babel-plugin-transform-es2015-classes/package.json
32 verbose installManyTop reading scoped package data from /home/ubuntu/workspace/lecture6-thuhe/node_modules/babel-plugin-transform-es2015-computed-properties/package.json
33 verbose installManyTop reading scoped package data from /home/ubuntu/workspace/lecture6-thuhe/node_modules/babel-plugin-transform-es2015-destructuring/package.json
34 verbose installManyTop reading scoped package data from /home/ubuntu/workspace/lecture6-thuhe/node_modules/babel-plugin-transform-es2015-duplicate-keys/package.json
35 verbose installManyTop reading scoped package data from /home/ubuntu/workspace/lecture6-thuhe/node_modules/babel-plugin-transform-es2015-for-of/package.json
36 verbose installManyTop reading scoped package data from /home/ubuntu/workspace/lecture6-thuhe/node_modules/babel-plugin-transform-es2015-function-name/package.json
37 verbose installManyTop reading scoped package data from /home/ubuntu/workspace/lecture6-thuhe/node_modules/babel-plugin-transform-es2015-literals/package.json
38 verbose installManyTop reading scoped package data from /home/ubuntu/workspace/lecture6-thuhe/node_modules/babel-plugin-transform-es2015-modules-amd/package.json
39 verbose installManyTop reading scoped package data from /home/ubuntu/workspace/lecture6-thuhe/node_modules/babel-plugin-transform-es2015-modules-commonjs/package.json
40 verbose installManyTop reading scoped package data from /home/ubuntu/workspace/lecture6-thuhe/node_modules/babel-plugin-transform-es2015-modules-systemjs/package.json
41 verbose installManyTop reading scoped package data from /home/ubuntu/workspace/lecture6-thuhe/node_modules/babel-plugin-transform-es2015-modules-umd/package.json
42 verbose installManyTop reading scoped package data from /home/ubuntu/workspace/lecture6-thuhe/node_modules/babel-plugin-transform-es2015-object-super/package.json
43 verbose installManyTop reading scoped package data from /home/ubuntu/workspace/lecture6-thuhe/node_modules/babel-plugin-transform-es2015-parameters/package.json
44 verbose installManyTop reading scoped package data from /home/ubuntu/workspace/lecture6-thuhe/node_modules/babel-plugin-transform-es2015-shorthand-properties/package.json
45 verbose installManyTop reading scoped package data from /home/ubuntu/workspace/lecture6-thuhe/node_modules/babel-plugin-transform-es2015-spread/package.json
46 verbose installManyTop reading scoped package data from /home/ubuntu/workspace/lecture6-thuhe/node_modules/babel-plugin-transform-es2015-sticky-regex/package.json
47 verbose installManyTop reading scoped package data from /home/ubuntu/workspace/lecture6-thuhe/node_modules/babel-plugin-transform-es2015-template-literals/package.json
48 verbose installManyTop reading scoped package data from /home/ubuntu/workspace/lecture6-thuhe/node_modules/babel-plugin-transform-es2015-typeof-symbol/package.json
49 verbose installManyTop reading scoped package data from /home/ubuntu/workspace/lecture6-thuhe/node_modules/babel-plugin-transform-es2015-unicode-regex/package.json
50 verbose installManyTop reading scoped package data from /home/ubuntu/workspace/lecture6-thuhe/node_modules/babel-plugin-transform-flow-strip-types/package.json
51 verbose installManyTop reading scoped package data from /home/ubuntu/workspace/lecture6-thuhe/node_modules/babel-plugin-transform-react-display-name/package.json
52 verbose installManyTop reading scoped package data from /home/ubuntu/workspace/lecture6-thuhe/node_modules/babel-plugin-transform-react-jsx/package.json
53 verbose installManyTop reading scoped package data from /home/ubuntu/workspace/lecture6-thuhe/node_modules/babel-plugin-transform-react-jsx-self/package.json
54 verbose installManyTop reading scoped package data from /home/ubuntu/workspace/lecture6-thuhe/node_modules/babel-plugin-transform-react-jsx-source/package.json
55 verbose installManyTop reading scoped package data from /home/ubuntu/workspace/lecture6-thuhe/node_modules/babel-plugin-transform-regenerator/package.json
56 verbose installManyTop reading scoped package data from /home/ubuntu/workspace/lecture6-thuhe/node_modules/babel-plugin-transform-strict-mode/package.json
57 verbose installManyTop reading scoped package data from /home/ubuntu/workspace/lecture6-thuhe/node_modules/babel-preset-es2015/package.json
58 verbose installManyTop reading scoped package data from /home/ubuntu/workspace/lecture6-thuhe/node_modules/babel-preset-flow/package.json
59 verbose installManyTop reading scoped package data from /home/ubuntu/workspace/lecture6-thuhe/node_modules/babel-preset-react/package.json
60 verbose installManyTop reading scoped package data from /home/ubuntu/workspace/lecture6-thuhe/node_modules/babel-register/package.json
61 verbose installManyTop reading scoped package data from /home/ubuntu/workspace/lecture6-thuhe/node_modules/babel-runtime/package.json
62 verbose installManyTop reading scoped package data from /home/ubuntu/workspace/lecture6-thuhe/node_modules/babel-template/package.json
63 verbose installManyTop reading scoped package data from /home/ubuntu/workspace/lecture6-thuhe/node_modules/babel-traverse/package.json
64 verbose installManyTop reading scoped package data from /home/ubuntu/workspace/lecture6-thuhe/node_modules/babel-types/package.json
65 verbose installManyTop reading scoped package data from /home/ubuntu/workspace/lecture6-thuhe/node_modules/babylon/package.json
66 verbose installManyTop reading scoped package data from /home/ubuntu/workspace/lecture6-thuhe/node_modules/balanced-match/package.json
67 verbose installManyTop reading scoped package data from /home/ubuntu/workspace/lecture6-thuhe/node_modules/big.js/package.json
68 verbose installManyTop reading scoped package data from /home/ubuntu/workspace/lecture6-thuhe/node_modules/brace-expansion/package.json
69 verbose installManyTop reading scoped package data from /home/ubuntu/workspace/lecture6-thuhe/node_modules/chalk/package.json
70 verbose installManyTop reading scoped package data from /home/ubuntu/workspace/lecture6-thuhe/node_modules/commondir/package.json
71 verbose installManyTop reading scoped package data from /home/ubuntu/workspace/lecture6-thuhe/node_modules/concat-map/package.json
72 verbose installManyTop reading scoped package data from /home/ubuntu/workspace/lecture6-thuhe/node_modules/convert-source-map/package.json
73 verbose installManyTop reading scoped package data from /home/ubuntu/workspace/lecture6-thuhe/node_modules/core-js/package.json
74 verbose installManyTop reading scoped package data from /home/ubuntu/workspace/lecture6-thuhe/node_modules/debug/package.json
75 verbose installManyTop reading scoped package data from /home/ubuntu/workspace/lecture6-thuhe/node_modules/detect-indent/package.json
76 verbose installManyTop reading scoped package data from /home/ubuntu/workspace/lecture6-thuhe/node_modules/emojis-list/package.json
77 verbose installManyTop reading scoped package data from /home/ubuntu/workspace/lecture6-thuhe/node_modules/encoding/package.json
78 verbose installManyTop reading scoped package data from /home/ubuntu/workspace/lecture6-thuhe/node_modules/escape-string-regexp/package.json
79 verbose installManyTop reading scoped package data from /home/ubuntu/workspace/lecture6-thuhe/node_modules/esutils/package.json
80 verbose installManyTop reading scoped package data from /home/ubuntu/workspace/lecture6-thuhe/node_modules/fbjs/package.json
81 verbose installManyTop reading scoped package data from /home/ubuntu/workspace/lecture6-thuhe/node_modules/find-cache-dir/package.json
82 verbose installManyTop reading scoped package data from /home/ubuntu/workspace/lecture6-thuhe/node_modules/find-up/package.json
83 verbose installManyTop reading scoped package data from /home/ubuntu/workspace/lecture6-thuhe/node_modules/globals/package.json
84 verbose installManyTop reading scoped package data from /home/ubuntu/workspace/lecture6-thuhe/node_modules/has-ansi/package.json
85 verbose installManyTop reading scoped package data from /home/ubuntu/workspace/lecture6-thuhe/node_modules/home-or-tmp/package.json
86 verbose installManyTop reading scoped package data from /home/ubuntu/workspace/lecture6-thuhe/node_modules/iconv-lite/package.json
87 verbose installManyTop reading scoped package data from /home/ubuntu/workspace/lecture6-thuhe/node_modules/invariant/package.json
88 verbose installManyTop reading scoped package data from /home/ubuntu/workspace/lecture6-thuhe/node_modules/is-finite/package.json
89 verbose installManyTop reading scoped package data from /home/ubuntu/workspace/lecture6-thuhe/node_modules/is-stream/package.json
90 verbose installManyTop reading scoped package data from /home/ubuntu/workspace/lecture6-thuhe/node_modules/isomorphic-fetch/package.json
91 verbose installManyTop reading scoped package data from /home/ubuntu/workspace/lecture6-thuhe/node_modules/js-tokens/package.json
92 verbose installManyTop reading scoped package data from /home/ubuntu/workspace/lecture6-thuhe/node_modules/jsesc/package.json
93 verbose installManyTop reading scoped package data from /home/ubuntu/workspace/lecture6-thuhe/node_modules/json5/package.json
94 verbose installManyTop reading scoped package data from /home/ubuntu/workspace/lecture6-thuhe/node_modules/loader-utils/package.json
95 verbose installManyTop reading scoped package data from /home/ubuntu/workspace/lecture6-thuhe/node_modules/lodash/package.json
96 verbose installManyTop reading scoped package data from /home/ubuntu/workspace/lecture6-thuhe/node_modules/loose-envify/package.json
97 verbose installManyTop reading scoped package data from /home/ubuntu/workspace/lecture6-thuhe/node_modules/minimatch/package.json
98 verbose installManyTop reading scoped package data from /home/ubuntu/workspace/lecture6-thuhe/node_modules/minimist/package.json
99 verbose installManyTop reading scoped package data from /home/ubuntu/workspace/lecture6-thuhe/node_modules/mkdirp/package.json
100 verbose installManyTop reading scoped package data from /home/ubuntu/workspace/lecture6-thuhe/node_modules/ms/package.json
101 verbose installManyTop reading scoped package data from /home/ubuntu/workspace/lecture6-thuhe/node_modules/node-fetch/package.json
102 verbose installManyTop reading scoped package data from /home/ubuntu/workspace/lecture6-thuhe/node_modules/number-is-nan/package.json
103 verbose installManyTop reading scoped package data from /home/ubuntu/workspace/lecture6-thuhe/node_modules/object-assign/package.json
104 verbose installManyTop reading scoped package data from /home/ubuntu/workspace/lecture6-thuhe/node_modules/os-homedir/package.json
105 verbose installManyTop reading scoped package data from /home/ubuntu/workspace/lecture6-thuhe/node_modules/os-tmpdir/package.json
106 verbose installManyTop reading scoped package data from /home/ubuntu/workspace/lecture6-thuhe/node_modules/path-exists/package.json
107 verbose installManyTop reading scoped package data from /home/ubuntu/workspace/lecture6-thuhe/node_modules/path-is-absolute/package.json
108 verbose installManyTop reading scoped package data from /home/ubuntu/workspace/lecture6-thuhe/node_modules/pinkie/package.json
109 verbose installManyTop reading scoped package data from /home/ubuntu/workspace/lecture6-thuhe/node_modules/pinkie-promise/package.json
110 verbose installManyTop reading scoped package data from /home/ubuntu/workspace/lecture6-thuhe/node_modules/pkg-dir/package.json
111 verbose installManyTop reading scoped package data from /home/ubuntu/workspace/lecture6-thuhe/node_modules/private/package.json
112 verbose installManyTop reading scoped package data from /home/ubuntu/workspace/lecture6-thuhe/node_modules/promise/package.json
113 verbose installManyTop reading scoped package data from /home/ubuntu/workspace/lecture6-thuhe/node_modules/react/package.json
114 verbose installManyTop reading scoped package data from /home/ubuntu/workspace/lecture6-thuhe/node_modules/react-dom/package.json
115 verbose installManyTop reading scoped package data from /home/ubuntu/workspace/lecture6-thuhe/node_modules/regenerate/package.json
116 verbose installManyTop reading scoped package data from /home/ubuntu/workspace/lecture6-thuhe/node_modules/regenerator-runtime/package.json
117 verbose installManyTop reading scoped package data from /home/ubuntu/workspace/lecture6-thuhe/node_modules/regenerator-transform/package.json
118 verbose installManyTop reading scoped package data from /home/ubuntu/workspace/lecture6-thuhe/node_modules/regexpu-core/package.json
119 verbose installManyTop reading scoped package data from /home/ubuntu/workspace/lecture6-thuhe/node_modules/regjsgen/package.json
120 verbose installManyTop reading scoped package data from /home/ubuntu/workspace/lecture6-thuhe/node_modules/regjsparser/package.json
121 verbose installManyTop reading scoped package data from /home/ubuntu/workspace/lecture6-thuhe/node_modules/repeating/package.json
122 verbose installManyTop reading scoped package data from /home/ubuntu/workspace/lecture6-thuhe/node_modules/setimmediate/package.json
123 verbose installManyTop reading scoped package data from /home/ubuntu/workspace/lecture6-thuhe/node_modules/slash/package.json
124 verbose installManyTop reading scoped package data from /home/ubuntu/workspace/lecture6-thuhe/node_modules/socket.io-client/package.json
125 verbose installManyTop reading scoped package data from /home/ubuntu/workspace/lecture6-thuhe/node_modules/source-map/package.json
126 verbose installManyTop reading scoped package data from /home/ubuntu/workspace/lecture6-thuhe/node_modules/source-map-support/package.json
127 verbose installManyTop reading scoped package data from /home/ubuntu/workspace/lecture6-thuhe/node_modules/strip-ansi/package.json
128 verbose installManyTop reading scoped package data from /home/ubuntu/workspace/lecture6-thuhe/node_modules/supports-color/package.json
129 verbose installManyTop reading scoped package data from /home/ubuntu/workspace/lecture6-thuhe/node_modules/to-fast-properties/package.json
130 verbose installManyTop reading scoped package data from /home/ubuntu/workspace/lecture6-thuhe/node_modules/trim-right/package.json
131 verbose installManyTop reading scoped package data from /home/ubuntu/workspace/lecture6-thuhe/node_modules/ua-parser-js/package.json
132 verbose installManyTop reading scoped package data from /home/ubuntu/workspace/lecture6-thuhe/node_modules/whatwg-fetch/package.json
133 info package.json esutils@2.0.2 No license field.
134 info package.json regenerator-transform@0.9.8 license should be a valid SPDX license expression
135 info package.json regjsparser@0.1.5 license should be a valid SPDX license expression
136 verbose readDependencies loading dependencies from /home/ubuntu/workspace/lecture6-thuhe/package.json
137 silly cache add args [ 'flask-scoketio', null ]
138 verbose cache add spec flask-scoketio
139 silly cache add parsed spec Result {
139 silly cache add   raw: 'flask-scoketio',
139 silly cache add   scope: null,
139 silly cache add   name: 'flask-scoketio',
139 silly cache add   rawSpec: '',
139 silly cache add   spec: 'latest',
139 silly cache add   type: 'tag' }
140 silly addNamed flask-scoketio@latest
141 verbose addNamed "latest" is being treated as a dist-tag for flask-scoketio
142 info addNameTag [ 'flask-scoketio', 'latest' ]
143 silly mapToRegistry name flask-scoketio
144 silly mapToRegistry using default registry
145 silly mapToRegistry registry https://registry.npmjs.org/
146 silly mapToRegistry data Result {
146 silly mapToRegistry   raw: 'flask-scoketio',
146 silly mapToRegistry   scope: null,
146 silly mapToRegistry   name: 'flask-scoketio',
146 silly mapToRegistry   rawSpec: '',
146 silly mapToRegistry   spec: 'latest',
146 silly mapToRegistry   type: 'tag' }
147 silly mapToRegistry uri https://registry.npmjs.org/flask-scoketio
148 verbose addNameTag registry:https://registry.npmjs.org/flask-scoketio not in flight; fetching
149 verbose request uri https://registry.npmjs.org/flask-scoketio
150 verbose request no auth needed
151 info attempt registry request try #1 at 5:21:23 AM
152 verbose request id 46fe0ac5462f4f36
153 http request GET https://registry.npmjs.org/flask-scoketio
154 http 404 https://registry.npmjs.org/flask-scoketio
155 verbose headers { 'content-type': 'application/json',
155 verbose headers   'cache-control': 'max-age=0',
155 verbose headers   'content-length': '2',
155 verbose headers   'accept-ranges': 'bytes',
155 verbose headers   date: 'Mon, 06 Mar 2017 05:21:23 GMT',
155 verbose headers   via: '1.1 varnish',
155 verbose headers   age: '0',
155 verbose headers   connection: 'keep-alive',
155 verbose headers   'x-served-by': 'cache-ord1734-ORD',
155 verbose headers   'x-cache': 'MISS',
155 verbose headers   'x-cache-hits': '0',
155 verbose headers   'x-timer': 'S1488777683.318497,VS0,VE162',
155 verbose headers   vary: 'Accept-Encoding' }
156 silly get cb [ 404,
156 silly get   { 'content-type': 'application/json',
156 silly get     'cache-control': 'max-age=0',
156 silly get     'content-length': '2',
156 silly get     'accept-ranges': 'bytes',
156 silly get     date: 'Mon, 06 Mar 2017 05:21:23 GMT',
156 silly get     via: '1.1 varnish',
156 silly get     age: '0',
156 silly get     connection: 'keep-alive',
156 silly get     'x-served-by': 'cache-ord1734-ORD',
156 silly get     'x-cache': 'MISS',
156 silly get     'x-cache-hits': '0',
156 silly get     'x-timer': 'S1488777683.318497,VS0,VE162',
156 silly get     vary: 'Accept-Encoding' } ]
157 verbose stack Error: Registry returned 404 for GET on https://registry.npmjs.org/flask-scoketio
157 verbose stack     at makeError (/home/ubuntu/.nvm/versions/node/v4.7.3/lib/node_modules/npm/node_modules/npm-registry-client/lib/request.js:302:12)
157 verbose stack     at CachingRegistryClient.<anonymous> (/home/ubuntu/.nvm/versions/node/v4.7.3/lib/node_modules/npm/node_modules/npm-registry-client/lib/request.js:280:14)
157 verbose stack     at Request._callback (/home/ubuntu/.nvm/versions/node/v4.7.3/lib/node_modules/npm/node_modules/npm-registry-client/lib/request.js:210:14)
157 verbose stack     at Request.self.callback (/home/ubuntu/.nvm/versions/node/v4.7.3/lib/node_modules/npm/node_modules/request/request.js:187:22)
157 verbose stack     at emitTwo (events.js:87:13)
157 verbose stack     at Request.emit (events.js:172:7)
157 verbose stack     at Request.<anonymous> (/home/ubuntu/.nvm/versions/node/v4.7.3/lib/node_modules/npm/node_modules/request/request.js:1044:10)
157 verbose stack     at emitOne (events.js:77:13)
157 verbose stack     at Request.emit (events.js:169:7)
157 verbose stack     at IncomingMessage.<anonymous> (/home/ubuntu/.nvm/versions/node/v4.7.3/lib/node_modules/npm/node_modules/request/request.js:965:12)
158 verbose statusCode 404
159 verbose pkgid flask-scoketio
160 verbose cwd /home/ubuntu/workspace/lecture6-thuhe
161 error Linux 4.8.8-c9
162 error argv "/home/ubuntu/.nvm/versions/node/v4.7.3/bin/node" "/home/ubuntu/.nvm/versions/node/v4.7.3/bin/npm" "install" "flask-scoketio"
163 error node v4.7.3
164 error npm  v2.15.11
165 error code E404
166 error 404 Registry returned 404 for GET on https://registry.npmjs.org/flask-scoketio
166 error 404
166 error 404 'flask-scoketio' is not in the npm registry.
166 error 404 You should bug the author to publish it (or use the name yourself!)
166 error 404
166 error 404 Note that you can also install from a
166 error 404 tarball, folder, http url, or git url.
167 verbose exit [ 1, true ]
